STL translation to Solid Edge
Fecha: domingo,abril 13,2025 01:21p. m.
Archivo fuente:C:\Users\mprob\Documents\ETec\Proyectos\estacion-meteorologica-estatica\models\Estructuras\estacionMeteorologica v3.stl
Autor: Desconocido
Organización: Desconocido
Sistema fuente: DEX

Hardware:
Procesador: 12th Gen Intel(R) Core(TM) i7-12650H
Sistema operativo: Windows 10
Memoria instalada: 15,62 GB

Información sobre el software:
Versión de Parasolid: 37.0.118
Versión de PSBodyShop: 37.0.94
Versión del adaptador STL: 15.0.142
Versión de Solid Edge: 225.00.01.004 x64

STL Import Options
Reparar fallos en la malla: Desactivado
Crear operación base: Activado
Habilitar registro de anotaciones: Activado

Avance en la conversión:
Se completó el proceso de conversión
Tiempo necesario para convertir:00 : 00 : 05
